0 info it worked if it ends with ok
1 verbose cli [ '/usr/local/bin/node',
1 verbose cli   '/usr/local/bin/npm',
1 verbose cli   'run',
1 verbose cli   'setup:init' ]
2 info using npm@3.8.3
3 info using node@v6.0.0-pre
4 verbose run-script [ 'presetup:init', 'setup:init', 'postsetup:init' ]
5 info lifecycle react-horizon@1.0.0~presetup:init: react-horizon@1.0.0
6 silly lifecycle react-horizon@1.0.0~presetup:init: no script for presetup:init, continuing
7 info lifecycle react-horizon@1.0.0~setup:init: react-horizon@1.0.0
8 verbose lifecycle react-horizon@1.0.0~setup:init: unsafe-perm in lifecycle true
9 verbose lifecycle react-horizon@1.0.0~setup:init: PATH: /usr/local/lib/node_modules/npm/bin/node-gyp-bin:/home/sud/Desktop/DDDM/new/githubOauth/node_modules/.bin:/usr/local/bin:/home/sud/.local/share/umake/bin:/usr/local/sbin:/usr/local/bin:/usr/sbin:/usr/bin:/sbin:/bin:/usr/games:/usr/local/games:/snap/bin:/usr/lib/jvm/java-8-oracle/bin:/usr/lib/jvm/java-8-oracle/db/bin:/usr/lib/jvm/java-8-oracle/jre/bin:/home/sud/.npm-packages/bin:/home/sud/android-sdk-linux/tools:/home/sud/android-sdk-linux/platform-tools:/home/sud/scala-2.12.0/bin
10 verbose lifecycle react-horizon@1.0.0~setup:init: CWD: /home/sud/Desktop/DDDM/new/githubOauth
11 silly lifecycle react-horizon@1.0.0~setup:init: Args: [ '-c', 'npm-run-all --parallel start:db setup:db setup:ssl' ]
12 silly lifecycle react-horizon@1.0.0~setup:init: Returned: code: 1  signal: null
13 info lifecycle react-horizon@1.0.0~setup:init: Failed to exec setup:init script
14 verbose stack Error: react-horizon@1.0.0 setup:init: `npm-run-all --parallel start:db setup:db setup:ssl`
14 verbose stack Exit status 1
14 verbose stack     at EventEmitter.<anonymous> (/usr/local/lib/node_modules/npm/lib/utils/lifecycle.js:239:16)
14 verbose stack     at emitTwo (events.js:100:13)
14 verbose stack     at EventEmitter.emit (events.js:185:7)
14 verbose stack     at ChildProcess.<anonymous> (/usr/local/lib/node_modules/npm/lib/utils/spawn.js:24:14)
14 verbose stack     at emitTwo (events.js:100:13)
14 verbose stack     at ChildProcess.emit (events.js:185:7)
14 verbose stack     at maybeClose (internal/child_process.js:850:16)
14 verbose stack     at Process.ChildProcess._handle.onexit (internal/child_process.js:215:5)
15 verbose pkgid react-horizon@1.0.0
16 verbose cwd /home/sud/Desktop/DDDM/new/githubOauth
17 error Linux 4.4.0-22-generic
18 error argv "/usr/local/bin/node" "/usr/local/bin/npm" "run" "setup:init"
19 error node v6.0.0-pre
20 error npm  v3.8.3
21 error code ELIFECYCLE
22 error react-horizon@1.0.0 setup:init: `npm-run-all --parallel start:db setup:db setup:ssl`
22 error Exit status 1
23 error Failed at the react-horizon@1.0.0 setup:init script 'npm-run-all --parallel start:db setup:db setup:ssl'.
23 error Make sure you have the latest version of node.js and npm installed.
23 error If you do, this is most likely a problem with the react-horizon package,
23 error not with npm itself.
23 error Tell the author that this fails on your system:
23 error     npm-run-all --parallel start:db setup:db setup:ssl
23 error You can get information on how to open an issue for this project with:
23 error     npm bugs react-horizon
23 error Or if that isn't available, you can get their info via:
23 error     npm owner ls react-horizon
23 error There is likely additional logging output above.
24 verbose exit [ 1, true ]
